\BOOKMARK [1][-]{section.1}{\376\377\000A\000b\000s\000t\000r\000a\000c\000t}{}% 1
\BOOKMARK [1][-]{section.2}{\376\377\000I\000n\000t\000r\000o\000d\000u\000c\000t\000i\000o\000n}{}% 2
\BOOKMARK [1][-]{section.3}{\376\377\000T\000h\000e\000o\000r\000y}{}% 3
\BOOKMARK [2][-]{subsection.3.1}{\376\377\000D\000e\000s\000c\000r\000i\000p\000t\000i\000o\000n\000\040\000o\000f\000\040\000s\000t\000r\000u\000c\000t\000u\000r\000e}{section.3}% 4
\BOOKMARK [2][-]{subsection.3.2}{\376\377\000F\000u\000l\000l\000y\000\040\000c\000o\000n\000n\000e\000c\000t\000e\000d\000\040\000l\000a\000y\000e\000r}{section.3}% 5
\BOOKMARK [3][-]{subsubsection.3.2.1}{\376\377\000F\000o\000r\000w\000a\000r\000d\000\040\000p\000a\000s\000s}{subsection.3.2}% 6
\BOOKMARK [3][-]{subsubsection.3.2.2}{\376\377\000b\000a\000c\000k\000w\000a\000r\000d\000\040\000p\000a\000s\000s}{subsection.3.2}% 7
\BOOKMARK [2][-]{subsection.3.3}{\376\377\000T\000w\000o\000\040\000t\000y\000p\000e\000s}{section.3}% 8
\BOOKMARK [2][-]{subsection.3.4}{\376\377\000C\000o\000n\000v\000o\000l\000u\000t\000i\000o\000n}{section.3}% 9
\BOOKMARK [3][-]{subsubsection.3.4.1}{\376\377\000F\000u\000n\000\040\000f\000a\000c\000t}{subsection.3.4}% 10
\BOOKMARK [2][-]{subsection.3.5}{\376\377\000C\000o\000n\000v\000o\000l\000u\000t\000i\000o\000n\0002\000D\000L\000a\000y\000e\000r\000:\000\040\000c\000o\000n\000v\000o\000l\000u\000t\000i\000o\000n\000\040\000i\000n\000\040\000a\000\040\000h\000i\000d\000d\000e\000n\000\040\000l\000a\000y\000e\000r}{section.3}% 11
\BOOKMARK [3][-]{subsubsection.3.5.1}{\376\377\000B\000a\000c\000k\000p\000r\000o\000p\000a\000g\000a\000t\000i\000o\000n\000\040\000i\000n\000\040\000t\000h\000e\000\040\000c\000o\000n\000v\000o\000l\000u\000t\000i\000o\000n\000a\000l\000\040\000l\000a\000y\000e\000r}{subsection.3.5}% 12
\BOOKMARK [3][-]{subsubsection.3.5.2}{\376\377\000F\000o\000r\000m\000a\000t\000\040\000o\000f\000\040\000i\000n\000p\000u\000t\000\040\000d\000a\000t\000a}{subsection.3.5}% 13
\BOOKMARK [2][-]{subsection.3.6}{\376\377\000O\000p\000t\000i\000m\000i\000z\000e\000d\000\040\000C\000o\000n\000v\000o\000l\000u\000t\000i\000o\000n\0002\000D\000L\000a\000y\000e\000r}{section.3}% 14
\BOOKMARK [2][-]{subsection.3.7}{\376\377\000P\000o\000o\000l\000i\000n\000g\000\040\000L\000a\000y\000e\000r}{section.3}% 15
\BOOKMARK [2][-]{subsection.3.8}{\376\377\000F\000l\000a\000t\000t\000e\000n\000i\000n\000g\000\040\000L\000a\000y\000e\000r}{section.3}% 16
\BOOKMARK [2][-]{subsection.3.9}{\376\377\000D\000a\000t\000a\000s\000e\000t\000s}{section.3}% 17
\BOOKMARK [3][-]{subsubsection.3.9.1}{\376\377\000M\000N\000I\000S\000T}{subsection.3.9}% 18
\BOOKMARK [3][-]{subsubsection.3.9.2}{\376\377\000C\000I\000F\000A\000R\000-\0001\0000}{subsection.3.9}% 19
\BOOKMARK [2][-]{subsection.3.10}{\376\377\000N\000o\000t\000e}{section.3}% 20
\BOOKMARK [1][-]{section.4}{\376\377\000R\000e\000s\000u\000l\000t\000s}{}% 21
\BOOKMARK [2][-]{subsection.4.1}{\376\377\000C\000N\000N\000\040\000o\000n\000\040\000M\000N\000I\000S\000T}{section.4}% 22
\BOOKMARK [2][-]{subsection.4.2}{\376\377\000C\000N\000N\000\040\000o\000n\000\040\000C\000I\000F\000A\000R\000-\0001\0000}{section.4}% 23
\BOOKMARK [1][-]{section.5}{\376\377\000S\000u\000m\000m\000a\000r\000y\000\040\000a\000n\000d\000\040\000f\000u\000r\000t\000h\000e\000r\000\040\000e\000x\000p\000e\000r\000i\000m\000e\000n\000t\000s}{}% 24
\BOOKMARK [1][-]{section.6}{\376\377\000R\000e\000f\000e\000r\000e\000n\000c\000e\000s}{}% 25
